<?xml version="1.0" encoding="UTF-8"?>
<!-- Generated by org.testng.reporters.JUnitXMLReporter -->
<testsuite ignored="0" hostname="DESKTOP-55SPHHG" failures="0" tests="4" name="Default test" time="52.741" errors="0" timestamp="21 Nov 2020 15:10:47 GMT">
  <testcase classname="Tests.OrderTest" name="createUserAccountTest" time="16.93"/>
  <testcase classname="Tests.OrderTest" name="SelectionOfCategoryTest" time="12.469"/>
  <testcase classname="Tests.OrderTest" name="checkOutTest" time="15.985"/>
  <testcase classname="Tests.OrderTest" name="validationOrderTest" time="1.798"/>
</testsuite> <!-- Default test -->
