<?xml version="1.0" encoding="UTF-8"?>
<!-- Generated by org.testng.reporters.JUnitXMLReporter -->
<testsuite ignored="0" hostname="DESKTOP-55SPHHG" failures="0" tests="4" name=" Regression Test" time="42.371" errors="0" timestamp="18 Nov 2020 14:22:14 GMT">
  <testcase classname="Tests.OrderTest" name="createUserAccountTest" time="14.769"/>
  <testcase classname="Tests.OrderTest" name="SelectionOfCategoryTest" time="8.25"/>
  <testcase classname="Tests.OrderTest" name="checkOutTest" time="12.412"/>
  <testcase classname="Tests.OrderTest" name="validationOrderTest" time="1.3"/>
</testsuite> <!--  Regression Test -->
