<?xml version="1.0" encoding="UTF-8"?>
<testng-results ignored="0" total="4" passed="4" failed="0" skipped="0">
  <reporter-output>
  </reporter-output>
  <suite started-at="2020-11-21T15:09:55Z" name="Default suite" finished-at="2020-11-21T15:10:47Z" duration-ms="52741">
    <groups>
    </groups>
    <test started-at="2020-11-21T15:09:55Z" name="Default test" finished-at="2020-11-21T15:10:47Z" duration-ms="52741">
      <class name="Tests.OrderTest">
        <test-method is-config="true" signature="config()[pri:0, instance:Tests.OrderTest@5db45159]" started-at="2020-11-21T17:09:55Z" name="config" finished-at="2020-11-21T17:09:55Z" duration-ms="188" status="PASS">
          <reporter-output>
          </reporter-output>
        </test-method> <!-- config -->
        <test-method is-config="true" signature="beforClass()[pri:0, instance:Tests.OrderTest@5db45159]" started-at="2020-11-21T17:09:55Z" name="beforClass" finished-at="2020-11-21T17:09:58Z" duration-ms="3554" status="PASS">
          <reporter-output>
          </reporter-output>
        </test-method> <!-- beforClass -->
        <test-method signature="createUserAccountTest(java.lang.String, java.lang.String, java.lang.String, java.lang.String, java.lang.String, java.lang.String, java.lang.String, java.lang.String, java.lang.String, java.lang.String, java.lang.String, java.lang.String)[pri:1, instance:Tests.OrderTest@5db45159]" started-at="2020-11-21T17:09:59Z" name="createUserAccountTest" data-provider="ExcelData" finished-at="2020-11-21T17:10:16Z" duration-ms="16930" status="PASS">
          <params>
            <param index="0">
              <value>
                <![CDATA[http://automationpractice.com/index.php   ]]>
              </value>
            </param>
            <param index="1">
              <value>
                <![CDATA[RokayaHany200@gmail.com]]>
              </value>
            </param>
            <param index="2">
              <value>
                <![CDATA[Rokaya]]>
              </value>
            </param>
            <param index="3">
              <value>
                <![CDATA[hany]]>
              </value>
            </param>
            <param index="4">
              <value>
                <![CDATA[1.06047141E9]]>
              </value>
            </param>
            <param index="5">
              <value>
                <![CDATA[RokayaHany200@gmail.com]]>
              </value>
            </param>
            <param index="6">
              <value>
                <![CDATA[ITI]]>
              </value>
            </param>
            <param index="7">
              <value>
                <![CDATA[Fifth Settlemnt]]>
              </value>
            </param>
            <param index="8">
              <value>
                <![CDATA[3 La rose compound]]>
              </value>
            </param>
            <param index="9">
              <value>
                <![CDATA[Cairo]]>
              </value>
            </param>
            <param index="10">
              <value>
                <![CDATA[fifth settlemnt]]>
              </value>
            </param>
            <param index="11">
              <value>
                <![CDATA[3 La rose compound]]>
              </value>
            </param>
          </params>
          <reporter-output>
          </reporter-output>
        </test-method> <!-- createUserAccountTest -->
        <test-method is-config="true" signature="screenshotOnFailure(org.testng.ITestResult)[pri:0, instance:Tests.OrderTest@5db45159]" started-at="2020-11-21T17:10:16Z" name="screenshotOnFailure" finished-at="2020-11-21T17:10:16Z" duration-ms="1" status="PASS">
          <params>
            <param index="0">
              <value>
                <![CDATA[[TestResult name=createUserAccountTest status=SUCCESS method=OrderTest.createUserAccountTest(java.lang.String, java.lang.String, java.lang.String, java.lang.String, java.lang.String, java.lang.String, java.lang.String, java.lang.String, java.lang.String, java.lang.String, java.lang.String, java.lang.String)[pri:1, instance:Tests.OrderTest@5db45159] output={null}]]]>
              </value>
            </param>
          </params>
          <reporter-output>
          </reporter-output>
        </test-method> <!-- screenshotOnFailure -->
        <test-method signature="SelectionOfCategoryTest()[pri:2, instance:Tests.OrderTest@5db45159]" started-at="2020-11-21T17:10:16Z" name="SelectionOfCategoryTest" finished-at="2020-11-21T17:10:28Z" duration-ms="12469" status="PASS">
          <reporter-output>
          </reporter-output>
        </test-method> <!-- SelectionOfCategoryTest -->
        <test-method is-config="true" signature="screenshotOnFailure(org.testng.ITestResult)[pri:0, instance:Tests.OrderTest@5db45159]" started-at="2020-11-21T17:10:28Z" name="screenshotOnFailure" finished-at="2020-11-21T17:10:28Z" duration-ms="0" status="PASS">
          <params>
            <param index="0">
              <value>
                <![CDATA[[TestResult name=SelectionOfCategoryTest status=SUCCESS method=OrderTest.SelectionOfCategoryTest()[pri:2, instance:Tests.OrderTest@5db45159] output={null}]]]>
              </value>
            </param>
          </params>
          <reporter-output>
          </reporter-output>
        </test-method> <!-- screenshotOnFailure -->
        <test-method signature="checkOutTest()[pri:3, instance:Tests.OrderTest@5db45159]" started-at="2020-11-21T17:10:28Z" name="checkOutTest" finished-at="2020-11-21T17:10:44Z" duration-ms="15985" status="PASS">
          <reporter-output>
          </reporter-output>
        </test-method> <!-- checkOutTest -->
        <test-method signature="validationOrderTest()[pri:4, instance:Tests.OrderTest@5db45159]" started-at="2020-11-21T17:10:44Z" name="validationOrderTest" finished-at="2020-11-21T17:10:46Z" duration-ms="1798" status="PASS">
          <reporter-output>
          </reporter-output>
        </test-method> <!-- validationOrderTest -->
        <test-method is-config="true" signature="screenshotOnFailure(org.testng.ITestResult)[pri:0, instance:Tests.OrderTest@5db45159]" started-at="2020-11-21T17:10:44Z" name="screenshotOnFailure" finished-at="2020-11-21T17:10:44Z" duration-ms="0" status="PASS">
          <params>
            <param index="0">
              <value>
                <![CDATA[[TestResult name=checkOutTest status=SUCCESS method=OrderTest.checkOutTest()[pri:3, instance:Tests.OrderTest@5db45159] output={null}]]]>
              </value>
            </param>
          </params>
          <reporter-output>
          </reporter-output>
        </test-method> <!-- screenshotOnFailure -->
        <test-method is-config="true" signature="screenshotOnFailure(org.testng.ITestResult)[pri:0, instance:Tests.OrderTest@5db45159]" started-at="2020-11-21T17:10:46Z" name="screenshotOnFailure" finished-at="2020-11-21T17:10:46Z" duration-ms="1" status="PASS">
          <params>
            <param index="0">
              <value>
                <![CDATA[[TestResult name=validationOrderTest status=SUCCESS method=OrderTest.validationOrderTest()[pri:4, instance:Tests.OrderTest@5db45159] output={null}]]]>
              </value>
            </param>
          </params>
          <reporter-output>
          </reporter-output>
        </test-method> <!-- screenshotOnFailure -->
        <test-method is-config="true" signature="afterClass()[pri:0, instance:Tests.OrderTest@5db45159]" started-at="2020-11-21T17:10:46Z" name="afterClass" finished-at="2020-11-21T17:10:47Z" duration-ms="768" status="PASS">
          <reporter-output>
          </reporter-output>
        </test-method> <!-- afterClass -->
        <test-method is-config="true" signature="tearDown()[pri:0, instance:Tests.OrderTest@5db45159]" started-at="2020-11-21T17:10:47Z" name="tearDown" finished-at="2020-11-21T17:10:47Z" duration-ms="357" status="PASS">
          <reporter-output>
          </reporter-output>
        </test-method> <!-- tearDown -->
      </class> <!-- Tests.OrderTest -->
    </test> <!-- Default test -->
  </suite> <!-- Default suite -->
</testng-results>
